2025-04-03 14:37:58,167 INFO 
Creating folder: /project/ag-jafra/Souptik/CMG_New/Experiments/CMG_trial1/Models/AVEExp100k/V2A/
2025-04-03 14:37:58,167 INFO 
Runtime args

{
    "dataset_name": "ave_va",
    "n_epoch": 30,
    "batch_size": 256,
    "test_batch_size": 128,
    "lr": 0.00025,
    "gpu": "0",
    "snapshot_pref": "/project/ag-jafra/Souptik/CMG_New/Experiments/CMG_trial1/Models/AVEExp100k/V2A/",
    "resume": "",
    "evaluate": false,
    "clip_gradient": 0.5,
    "loss_weights": 0.5,
    "start_epoch": 0,
    "model_save_path": "/project/ag-jafra/Souptik/CMG_New/Experiments/CMG_trial1/Models/AVEExp100k/V2A/",
    "weight_decay": 0.0005,
    "print_freq": 1,
    "save_freq": null,
    "eval_freq": 1,
    "mi_lr": 0.001
}

2025-04-03 14:38:03,281 INFO Resume from number 5-th model.
2025-04-03 14:38:06,665 INFO Epoch 6, Batch 0, lr = 0.00025, video_event_loss = 3.3568, video_precision = 7.8744, 
2025-04-03 14:38:09,649 INFO epoch: *******************************************6
2025-04-03 14:38:15,330 INFO **************************************************************************		 Audio Evaluation results (precision): 36.4084%.	 Video Evaluation results (precision): 52.0890%.
2025-04-03 14:38:15,339 INFO -----------------------------
2025-04-03 14:38:15,339 INFO evaluate loss:3.001387886682266
2025-04-03 14:38:15,339 INFO -----------------------------
2025-04-03 14:38:18,192 INFO Epoch 7, Batch 0, lr = 0.00025, video_event_loss = 3.0947, video_precision = 31.6814, 
2025-04-03 14:38:21,095 INFO epoch: *******************************************7
2025-04-03 14:38:26,836 INFO **************************************************************************		 Audio Evaluation results (precision): 44.6338%.	 Video Evaluation results (precision): 55.3812%.
2025-04-03 14:38:26,841 INFO -----------------------------
2025-04-03 14:38:26,841 INFO evaluate loss:2.7039051304526365
2025-04-03 14:38:26,842 INFO -----------------------------
2025-04-03 14:38:29,540 INFO Epoch 8, Batch 0, lr = 0.00025, video_event_loss = 2.6516, video_precision = 51.4853, 
2025-04-03 14:38:32,462 INFO epoch: *******************************************8
2025-04-03 14:38:38,328 INFO **************************************************************************		 Audio Evaluation results (precision): 42.1704%.	 Video Evaluation results (precision): 52.1533%.
2025-04-03 14:38:38,341 INFO -----------------------------
2025-04-03 14:38:38,341 INFO evaluate loss:2.4433747354804725
2025-04-03 14:38:38,341 INFO -----------------------------
2025-04-03 14:38:41,065 INFO Epoch 9, Batch 0, lr = 0.00025, video_event_loss = 2.2554, video_precision = 55.8289, 
2025-04-03 14:38:43,973 INFO epoch: *******************************************9
2025-04-03 14:38:49,641 INFO **************************************************************************		 Audio Evaluation results (precision): 48.0001%.	 Video Evaluation results (precision): 56.0536%.
2025-04-03 14:38:49,654 INFO -----------------------------
2025-04-03 14:38:49,654 INFO evaluate loss:2.230895547970603
2025-04-03 14:38:49,654 INFO -----------------------------
2025-04-03 14:38:52,420 INFO Epoch 10, Batch 0, lr = 0.00025, video_event_loss = 1.9666, video_precision = 52.7420, 
2025-04-03 14:38:55,379 INFO epoch: *******************************************10
2025-04-03 14:39:01,071 INFO **************************************************************************		 Audio Evaluation results (precision): 47.1196%.	 Video Evaluation results (precision): 62.6520%.
2025-04-03 14:39:01,076 INFO -----------------------------
2025-04-03 14:39:01,076 INFO evaluate loss:2.0839087104172287
2025-04-03 14:39:01,076 INFO -----------------------------
2025-04-03 14:39:03,905 INFO Epoch 11, Batch 0, lr = 0.00025, video_event_loss = 1.6843, video_precision = 62.0561, 
2025-04-03 14:39:06,831 INFO epoch: *******************************************11
2025-04-03 14:39:12,668 INFO **************************************************************************		 Audio Evaluation results (precision): 51.3333%.	 Video Evaluation results (precision): 61.4389%.
2025-04-03 14:39:12,680 INFO -----------------------------
2025-04-03 14:39:12,680 INFO evaluate loss:1.9916035360168964
2025-04-03 14:39:12,680 INFO -----------------------------
2025-04-03 14:39:15,421 INFO Epoch 12, Batch 0, lr = 0.00025, video_event_loss = 1.5255, video_precision = 61.3119, 
2025-04-03 14:39:18,442 INFO epoch: *******************************************12
2025-04-03 14:39:24,052 INFO **************************************************************************		 Audio Evaluation results (precision): 51.6501%.	 Video Evaluation results (precision): 64.6899%.
2025-04-03 14:39:24,056 INFO -----------------------------
2025-04-03 14:39:24,056 INFO evaluate loss:1.941984761286846
2025-04-03 14:39:24,057 INFO -----------------------------
2025-04-03 14:39:26,817 INFO Epoch 13, Batch 0, lr = 0.00025, video_event_loss = 1.3988, video_precision = 61.0747, 
2025-04-03 14:39:29,714 INFO epoch: *******************************************13
2025-04-03 14:39:35,359 INFO **************************************************************************		 Audio Evaluation results (precision): 51.3767%.	 Video Evaluation results (precision): 64.9423%.
2025-04-03 14:39:35,364 INFO -----------------------------
2025-04-03 14:39:35,364 INFO evaluate loss:1.9182095902177905
2025-04-03 14:39:35,364 INFO -----------------------------
2025-04-03 14:39:38,106 INFO Epoch 14, Batch 0, lr = 0.00025, video_event_loss = 1.2971, video_precision = 65.6799, 
2025-04-03 14:39:41,030 INFO epoch: *******************************************14
2025-04-03 14:39:46,639 INFO **************************************************************************		 Audio Evaluation results (precision): 52.2367%.	 Video Evaluation results (precision): 65.7523%.
2025-04-03 14:39:46,644 INFO -----------------------------
2025-04-03 14:39:46,644 INFO evaluate loss:1.9147789924897418
2025-04-03 14:39:46,644 INFO -----------------------------
2025-04-03 14:39:49,335 INFO Epoch 15, Batch 0, lr = 0.00025, video_event_loss = 1.2446, video_precision = 64.9015, 
2025-04-03 14:39:52,294 INFO epoch: *******************************************15
2025-04-03 14:39:58,074 INFO **************************************************************************		 Audio Evaluation results (precision): 53.3587%.	 Video Evaluation results (precision): 64.4914%.
2025-04-03 14:39:58,079 INFO -----------------------------
2025-04-03 14:39:58,079 INFO evaluate loss:1.9145920350630483
2025-04-03 14:39:58,079 INFO -----------------------------
2025-04-03 14:40:00,722 INFO Epoch 16, Batch 0, lr = 0.00013, video_event_loss = 1.1867, video_precision = 65.9681, 
2025-04-03 14:40:03,627 INFO epoch: *******************************************16
2025-04-03 14:40:09,479 INFO **************************************************************************		 Audio Evaluation results (precision): 52.0222%.	 Video Evaluation results (precision): 65.5292%.
2025-04-03 14:40:09,484 INFO -----------------------------
2025-04-03 14:40:09,484 INFO evaluate loss:1.915759565165075
2025-04-03 14:40:09,484 INFO -----------------------------
2025-04-03 14:40:12,232 INFO Epoch 17, Batch 0, lr = 0.00013, video_event_loss = 1.1429, video_precision = 66.9735, 
2025-04-03 14:40:15,212 INFO epoch: *******************************************17
2025-04-03 14:40:21,058 INFO **************************************************************************		 Audio Evaluation results (precision): 51.9293%.	 Video Evaluation results (precision): 66.1642%.
2025-04-03 14:40:21,063 INFO -----------------------------
2025-04-03 14:40:21,063 INFO evaluate loss:1.9219920923610587
2025-04-03 14:40:21,063 INFO -----------------------------
2025-04-03 14:40:23,736 INFO Epoch 18, Batch 0, lr = 0.00013, video_event_loss = 1.1708, video_precision = 64.0596, 
2025-04-03 14:40:26,714 INFO epoch: *******************************************18
2025-04-03 14:40:32,305 INFO **************************************************************************		 Audio Evaluation results (precision): 53.4939%.	 Video Evaluation results (precision): 65.8173%.
2025-04-03 14:40:32,310 INFO -----------------------------
2025-04-03 14:40:32,311 INFO evaluate loss:1.9203380637338863
2025-04-03 14:40:32,311 INFO -----------------------------
2025-04-03 14:40:34,950 INFO Epoch 19, Batch 0, lr = 0.00013, video_event_loss = 1.1949, video_precision = 62.9934, 
2025-04-03 14:40:37,831 INFO epoch: *******************************************19
2025-04-03 14:40:43,444 INFO **************************************************************************		 Audio Evaluation results (precision): 52.1246%.	 Video Evaluation results (precision): 64.6546%.
2025-04-03 14:40:43,448 INFO -----------------------------
2025-04-03 14:40:43,448 INFO evaluate loss:1.9255013363243814
2025-04-03 14:40:43,448 INFO -----------------------------
2025-04-03 14:40:46,178 INFO Epoch 20, Batch 0, lr = 0.00013, video_event_loss = 1.1745, video_precision = 65.9743, 
2025-04-03 14:40:49,137 INFO epoch: *******************************************20
2025-04-03 14:40:54,779 INFO **************************************************************************		 Audio Evaluation results (precision): 51.7176%.	 Video Evaluation results (precision): 65.0682%.
2025-04-03 14:40:54,786 INFO -----------------------------
2025-04-03 14:40:54,786 INFO evaluate loss:1.929900602598277
2025-04-03 14:40:54,786 INFO -----------------------------
2025-04-03 14:40:57,559 INFO Epoch 21, Batch 0, lr = 0.00013, video_event_loss = 1.1193, video_precision = 66.9497, 
2025-04-03 14:41:00,459 INFO epoch: *******************************************21
2025-04-03 14:41:06,049 INFO **************************************************************************		 Audio Evaluation results (precision): 51.4762%.	 Video Evaluation results (precision): 64.5725%.
2025-04-03 14:41:06,054 INFO -----------------------------
2025-04-03 14:41:06,054 INFO evaluate loss:1.9346979758925436
2025-04-03 14:41:06,054 INFO -----------------------------
2025-04-03 14:41:08,793 INFO Epoch 22, Batch 0, lr = 0.00013, video_event_loss = 1.1724, video_precision = 64.3663, 
2025-04-03 14:41:11,852 INFO epoch: *******************************************22
2025-04-03 14:41:17,669 INFO **************************************************************************		 Audio Evaluation results (precision): 51.6158%.	 Video Evaluation results (precision): 65.3473%.
2025-04-03 14:41:17,674 INFO -----------------------------
2025-04-03 14:41:17,674 INFO evaluate loss:1.947559345082633
2025-04-03 14:41:17,674 INFO -----------------------------
2025-04-03 14:41:20,443 INFO Epoch 23, Batch 0, lr = 0.00013, video_event_loss = 1.1010, video_precision = 66.6151, 
2025-04-03 14:41:23,406 INFO epoch: *******************************************23
2025-04-03 14:41:29,108 INFO **************************************************************************		 Audio Evaluation results (precision): 51.5597%.	 Video Evaluation results (precision): 65.4603%.
2025-04-03 14:41:29,115 INFO -----------------------------
2025-04-03 14:41:29,115 INFO evaluate loss:1.9479692599147516
2025-04-03 14:41:29,115 INFO -----------------------------
2025-04-03 14:41:31,854 INFO Epoch 24, Batch 0, lr = 0.00013, video_event_loss = 1.1301, video_precision = 66.2662, 
2025-04-03 14:41:34,838 INFO epoch: *******************************************24
2025-04-03 14:41:40,730 INFO **************************************************************************		 Audio Evaluation results (precision): 51.6298%.	 Video Evaluation results (precision): 65.5302%.
2025-04-03 14:41:40,735 INFO -----------------------------
2025-04-03 14:41:40,735 INFO evaluate loss:1.9566164400164845
2025-04-03 14:41:40,735 INFO -----------------------------
2025-04-03 14:41:43,316 INFO Epoch 25, Batch 0, lr = 0.00013, video_event_loss = 1.1429, video_precision = 64.7399, 
2025-04-03 14:41:46,265 INFO epoch: *******************************************25
2025-04-03 14:41:51,954 INFO **************************************************************************		 Audio Evaluation results (precision): 51.6582%.	 Video Evaluation results (precision): 65.9174%.
2025-04-03 14:41:51,959 INFO -----------------------------
2025-04-03 14:41:51,961 INFO evaluate loss:1.9517291149209628
2025-04-03 14:41:51,961 INFO -----------------------------
2025-04-03 14:41:54,651 INFO Epoch 26, Batch 0, lr = 0.00006, video_event_loss = 1.1885, video_precision = 65.3487, 
2025-04-03 14:41:57,567 INFO epoch: *******************************************26
2025-04-03 14:42:03,191 INFO **************************************************************************		 Audio Evaluation results (precision): 51.1872%.	 Video Evaluation results (precision): 64.8016%.
2025-04-03 14:42:03,198 INFO -----------------------------
2025-04-03 14:42:03,198 INFO evaluate loss:1.9559791267997433
2025-04-03 14:42:03,198 INFO -----------------------------
2025-04-03 14:42:05,993 INFO Epoch 27, Batch 0, lr = 0.00006, video_event_loss = 1.1284, video_precision = 65.0535, 
2025-04-03 14:42:08,932 INFO epoch: *******************************************27
2025-04-03 14:42:14,630 INFO **************************************************************************		 Audio Evaluation results (precision): 51.6395%.	 Video Evaluation results (precision): 64.8341%.
2025-04-03 14:42:14,636 INFO -----------------------------
2025-04-03 14:42:14,636 INFO evaluate loss:1.9584503706971035
2025-04-03 14:42:14,636 INFO -----------------------------
2025-04-03 14:42:17,333 INFO Epoch 28, Batch 0, lr = 0.00006, video_event_loss = 1.1241, video_precision = 65.0556, 
2025-04-03 14:42:20,265 INFO epoch: *******************************************28
2025-04-03 14:42:25,936 INFO **************************************************************************		 Audio Evaluation results (precision): 51.9259%.	 Video Evaluation results (precision): 65.5353%.
2025-04-03 14:42:25,941 INFO -----------------------------
2025-04-03 14:42:25,941 INFO evaluate loss:1.9620081696064318
2025-04-03 14:42:25,941 INFO -----------------------------
2025-04-03 14:42:28,593 INFO Epoch 29, Batch 0, lr = 0.00006, video_event_loss = 1.1040, video_precision = 68.0494, 
2025-04-03 14:42:31,502 INFO epoch: *******************************************29
2025-04-03 14:42:36,976 INFO **************************************************************************		 Audio Evaluation results (precision): 51.9161%.	 Video Evaluation results (precision): 65.3354%.
2025-04-03 14:42:36,981 INFO -----------------------------
2025-04-03 14:42:36,981 INFO evaluate loss:1.9681093928935967
2025-04-03 14:42:36,981 INFO -----------------------------
