2025-04-03 20:31:32,800 INFO 
Creating folder: /project/ag-jafra/Souptik/CMG_New/Experiments/CMG_trial1/Models/AVEExp100k/A2V/
2025-04-03 20:31:32,800 INFO 
Runtime args

{
    "dataset_name": "ave_av",
    "n_epoch": 30,
    "batch_size": 256,
    "test_batch_size": 128,
    "lr": 0.00025,
    "gpu": "0",
    "snapshot_pref": "/project/ag-jafra/Souptik/CMG_New/Experiments/CMG_trial1/Models/AVEExp100k/A2V/",
    "resume": "",
    "evaluate": false,
    "clip_gradient": 0.5,
    "loss_weights": 0.5,
    "start_epoch": 0,
    "model_save_path": "/project/ag-jafra/Souptik/CMG_New/Experiments/CMG_trial1/Models/AVEExp100k/A2V/",
    "weight_decay": 0.0005,
    "print_freq": 1,
    "save_freq": null,
    "eval_freq": 1,
    "mi_lr": 0.001
}

2025-04-03 20:31:37,164 INFO Resume from number 5-th model.
2025-04-03 20:31:40,138 INFO Epoch 6, Batch 0, lr = 0.00025, audio_event_loss = 3.3687, audio_precision = 1.1428, 
2025-04-03 20:31:42,916 INFO epoch: *******************************************6
2025-04-03 20:31:48,605 INFO **************************************************************************		 Audio Evaluation results (precision): 44.0944%.	 Video Evaluation results (precision): 42.2157%.
2025-04-03 20:31:48,610 INFO -----------------------------
2025-04-03 20:31:48,610 INFO evaluate loss:2.9461927513884016
2025-04-03 20:31:48,610 INFO -----------------------------
2025-04-03 20:31:51,283 INFO Epoch 7, Batch 0, lr = 0.00025, audio_event_loss = 3.1389, audio_precision = 25.3070, 
2025-04-03 20:31:53,903 INFO epoch: *******************************************7
2025-04-03 20:31:59,620 INFO **************************************************************************		 Audio Evaluation results (precision): 54.0241%.	 Video Evaluation results (precision): 48.0027%.
2025-04-03 20:31:59,624 INFO -----------------------------
2025-04-03 20:31:59,624 INFO evaluate loss:2.603174404334045
2025-04-03 20:31:59,624 INFO -----------------------------
2025-04-03 20:32:02,246 INFO Epoch 8, Batch 0, lr = 0.00025, audio_event_loss = 2.7803, audio_precision = 49.2744, 
2025-04-03 20:32:05,015 INFO epoch: *******************************************8
2025-04-03 20:32:10,852 INFO **************************************************************************		 Audio Evaluation results (precision): 55.5802%.	 Video Evaluation results (precision): 48.5433%.
2025-04-03 20:32:10,857 INFO -----------------------------
2025-04-03 20:32:10,857 INFO evaluate loss:2.3092063009313724
2025-04-03 20:32:10,857 INFO -----------------------------
2025-04-03 20:32:13,515 INFO Epoch 9, Batch 0, lr = 0.00025, audio_event_loss = 2.4651, audio_precision = 51.8925, 
2025-04-03 20:32:16,231 INFO epoch: *******************************************9
2025-04-03 20:32:21,954 INFO **************************************************************************		 Audio Evaluation results (precision): 55.0544%.	 Video Evaluation results (precision): 46.2756%.
2025-04-03 20:32:21,959 INFO -----------------------------
2025-04-03 20:32:21,959 INFO evaluate loss:2.06225303451319
2025-04-03 20:32:21,959 INFO -----------------------------
2025-04-03 20:32:24,624 INFO Epoch 10, Batch 0, lr = 0.00025, audio_event_loss = 2.1949, audio_precision = 53.1052, 
2025-04-03 20:32:27,451 INFO epoch: *******************************************10
2025-04-03 20:32:33,183 INFO **************************************************************************		 Audio Evaluation results (precision): 56.5082%.	 Video Evaluation results (precision): 48.2406%.
2025-04-03 20:32:33,188 INFO -----------------------------
2025-04-03 20:32:33,188 INFO evaluate loss:1.8665837367730718
2025-04-03 20:32:33,188 INFO -----------------------------
2025-04-03 20:32:35,818 INFO Epoch 11, Batch 0, lr = 0.00025, audio_event_loss = 1.9785, audio_precision = 53.8872, 
2025-04-03 20:32:38,599 INFO epoch: *******************************************11
2025-04-03 20:32:44,229 INFO **************************************************************************		 Audio Evaluation results (precision): 57.1893%.	 Video Evaluation results (precision): 49.4171%.
2025-04-03 20:32:44,239 INFO -----------------------------
2025-04-03 20:32:44,239 INFO evaluate loss:1.7218958948190672
2025-04-03 20:32:44,239 INFO -----------------------------
2025-04-03 20:32:47,036 INFO Epoch 12, Batch 0, lr = 0.00025, audio_event_loss = 1.7853, audio_precision = 57.0624, 
2025-04-03 20:32:49,748 INFO epoch: *******************************************12
2025-04-03 20:32:55,299 INFO **************************************************************************		 Audio Evaluation results (precision): 56.8274%.	 Video Evaluation results (precision): 46.8279%.
2025-04-03 20:32:55,304 INFO -----------------------------
2025-04-03 20:32:55,304 INFO evaluate loss:1.615800821704009
2025-04-03 20:32:55,304 INFO -----------------------------
2025-04-03 20:32:57,957 INFO Epoch 13, Batch 0, lr = 0.00025, audio_event_loss = 1.6684, audio_precision = 55.0627, 
2025-04-03 20:33:00,685 INFO epoch: *******************************************13
2025-04-03 20:33:06,379 INFO **************************************************************************		 Audio Evaluation results (precision): 57.9349%.	 Video Evaluation results (precision): 46.6820%.
2025-04-03 20:33:06,383 INFO -----------------------------
2025-04-03 20:33:06,383 INFO evaluate loss:1.53602466805682
2025-04-03 20:33:06,383 INFO -----------------------------
2025-04-03 20:33:09,057 INFO Epoch 14, Batch 0, lr = 0.00025, audio_event_loss = 1.5886, audio_precision = 55.6527, 
2025-04-03 20:33:11,842 INFO epoch: *******************************************14
2025-04-03 20:33:17,446 INFO **************************************************************************		 Audio Evaluation results (precision): 60.0164%.	 Video Evaluation results (precision): 50.5369%.
2025-04-03 20:33:17,451 INFO -----------------------------
2025-04-03 20:33:17,452 INFO evaluate loss:1.4792303745724746
2025-04-03 20:33:17,452 INFO -----------------------------
2025-04-03 20:33:20,109 INFO Epoch 15, Batch 0, lr = 0.00025, audio_event_loss = 1.5093, audio_precision = 57.2332, 
2025-04-03 20:33:22,948 INFO epoch: *******************************************15
2025-04-03 20:33:28,525 INFO **************************************************************************		 Audio Evaluation results (precision): 58.1520%.	 Video Evaluation results (precision): 50.6100%.
2025-04-03 20:33:28,530 INFO -----------------------------
2025-04-03 20:33:28,530 INFO evaluate loss:1.4360413454808107
2025-04-03 20:33:28,530 INFO -----------------------------
2025-04-03 20:33:31,207 INFO Epoch 16, Batch 0, lr = 0.00013, audio_event_loss = 1.4702, audio_precision = 56.7791, 
2025-04-03 20:33:33,967 INFO epoch: *******************************************16
2025-04-03 20:33:39,847 INFO **************************************************************************		 Audio Evaluation results (precision): 58.1211%.	 Video Evaluation results (precision): 50.9953%.
2025-04-03 20:33:39,853 INFO -----------------------------
2025-04-03 20:33:39,853 INFO evaluate loss:1.4182590222117313
2025-04-03 20:33:39,853 INFO -----------------------------
2025-04-03 20:33:42,415 INFO Epoch 17, Batch 0, lr = 0.00013, audio_event_loss = 1.3988, audio_precision = 59.2507, 
2025-04-03 20:33:45,163 INFO epoch: *******************************************17
2025-04-03 20:33:50,791 INFO **************************************************************************		 Audio Evaluation results (precision): 58.7091%.	 Video Evaluation results (precision): 50.5578%.
2025-04-03 20:33:50,797 INFO -----------------------------
2025-04-03 20:33:50,797 INFO evaluate loss:1.4027305518672224
2025-04-03 20:33:50,797 INFO -----------------------------
2025-04-03 20:33:53,447 INFO Epoch 18, Batch 0, lr = 0.00013, audio_event_loss = 1.3966, audio_precision = 59.6659, 
2025-04-03 20:33:56,115 INFO epoch: *******************************************18
2025-04-03 20:34:01,874 INFO **************************************************************************		 Audio Evaluation results (precision): 59.4458%.	 Video Evaluation results (precision): 52.3102%.
2025-04-03 20:34:01,880 INFO -----------------------------
2025-04-03 20:34:01,881 INFO evaluate loss:1.389360345489305
2025-04-03 20:34:01,881 INFO -----------------------------
2025-04-03 20:34:04,473 INFO Epoch 19, Batch 0, lr = 0.00013, audio_event_loss = 1.4538, audio_precision = 57.8198, 
2025-04-03 20:34:07,210 INFO epoch: *******************************************19
2025-04-03 20:34:12,784 INFO **************************************************************************		 Audio Evaluation results (precision): 59.1300%.	 Video Evaluation results (precision): 51.4619%.
2025-04-03 20:34:12,789 INFO -----------------------------
2025-04-03 20:34:12,790 INFO evaluate loss:1.3784784272304618
2025-04-03 20:34:12,790 INFO -----------------------------
2025-04-03 20:34:15,431 INFO Epoch 20, Batch 0, lr = 0.00013, audio_event_loss = 1.3719, audio_precision = 58.5035, 
2025-04-03 20:34:18,142 INFO epoch: *******************************************20
2025-04-03 20:34:23,795 INFO **************************************************************************		 Audio Evaluation results (precision): 59.7223%.	 Video Evaluation results (precision): 51.0971%.
2025-04-03 20:34:23,800 INFO -----------------------------
2025-04-03 20:34:23,800 INFO evaluate loss:1.3675547481077548
2025-04-03 20:34:23,800 INFO -----------------------------
2025-04-03 20:34:26,536 INFO Epoch 21, Batch 0, lr = 0.00013, audio_event_loss = 1.3268, audio_precision = 58.7315, 
2025-04-03 20:34:29,313 INFO epoch: *******************************************21
2025-04-03 20:34:34,953 INFO **************************************************************************		 Audio Evaluation results (precision): 60.1863%.	 Video Evaluation results (precision): 52.0232%.
2025-04-03 20:34:34,958 INFO -----------------------------
2025-04-03 20:34:34,958 INFO evaluate loss:1.3582995822592245
2025-04-03 20:34:34,958 INFO -----------------------------
2025-04-03 20:34:37,641 INFO Epoch 22, Batch 0, lr = 0.00013, audio_event_loss = 1.3198, audio_precision = 60.1495, 
2025-04-03 20:34:40,378 INFO epoch: *******************************************22
2025-04-03 20:34:46,027 INFO **************************************************************************		 Audio Evaluation results (precision): 60.9755%.	 Video Evaluation results (precision): 52.8596%.
2025-04-03 20:34:46,032 INFO -----------------------------
2025-04-03 20:34:46,032 INFO evaluate loss:1.3498052180831974
2025-04-03 20:34:46,032 INFO -----------------------------
2025-04-03 20:34:48,599 INFO Epoch 23, Batch 0, lr = 0.00013, audio_event_loss = 1.2834, audio_precision = 60.8658, 
2025-04-03 20:34:51,298 INFO epoch: *******************************************23
2025-04-03 20:34:56,978 INFO **************************************************************************		 Audio Evaluation results (precision): 59.6086%.	 Video Evaluation results (precision): 52.4004%.
2025-04-03 20:34:56,983 INFO -----------------------------
2025-04-03 20:34:56,983 INFO evaluate loss:1.341846634925934
2025-04-03 20:34:56,983 INFO -----------------------------
2025-04-03 20:34:59,686 INFO Epoch 24, Batch 0, lr = 0.00013, audio_event_loss = 1.3339, audio_precision = 59.2181, 
2025-04-03 20:35:02,405 INFO epoch: *******************************************24
2025-04-03 20:35:08,340 INFO **************************************************************************		 Audio Evaluation results (precision): 60.1101%.	 Video Evaluation results (precision): 52.1880%.
2025-04-03 20:35:08,345 INFO -----------------------------
2025-04-03 20:35:08,345 INFO evaluate loss:1.3345752014462917
2025-04-03 20:35:08,345 INFO -----------------------------
2025-04-03 20:35:11,070 INFO Epoch 25, Batch 0, lr = 0.00013, audio_event_loss = 1.3484, audio_precision = 58.3492, 
2025-04-03 20:35:13,750 INFO epoch: *******************************************25
2025-04-03 20:35:19,612 INFO **************************************************************************		 Audio Evaluation results (precision): 60.1236%.	 Video Evaluation results (precision): 51.9517%.
2025-04-03 20:35:19,616 INFO -----------------------------
2025-04-03 20:35:19,618 INFO evaluate loss:1.327950937612564
2025-04-03 20:35:19,618 INFO -----------------------------
2025-04-03 20:35:22,243 INFO Epoch 26, Batch 0, lr = 0.00006, audio_event_loss = 1.3354, audio_precision = 59.4173, 
2025-04-03 20:35:25,007 INFO epoch: *******************************************26
2025-04-03 20:35:30,607 INFO **************************************************************************		 Audio Evaluation results (precision): 59.6755%.	 Video Evaluation results (precision): 51.1517%.
2025-04-03 20:35:30,612 INFO -----------------------------
2025-04-03 20:35:30,612 INFO evaluate loss:1.3251095770391528
2025-04-03 20:35:30,612 INFO -----------------------------
2025-04-03 20:35:33,197 INFO Epoch 27, Batch 0, lr = 0.00006, audio_event_loss = 1.2717, audio_precision = 61.4882, 
2025-04-03 20:35:35,968 INFO epoch: *******************************************27
2025-04-03 20:35:41,545 INFO **************************************************************************		 Audio Evaluation results (precision): 59.9605%.	 Video Evaluation results (precision): 51.1427%.
2025-04-03 20:35:41,550 INFO -----------------------------
2025-04-03 20:35:41,550 INFO evaluate loss:1.3219586793605036
2025-04-03 20:35:41,550 INFO -----------------------------
2025-04-03 20:35:44,140 INFO Epoch 28, Batch 0, lr = 0.00006, audio_event_loss = 1.2905, audio_precision = 59.7034, 
2025-04-03 20:35:46,815 INFO epoch: *******************************************28
2025-04-03 20:35:52,543 INFO **************************************************************************		 Audio Evaluation results (precision): 59.3959%.	 Video Evaluation results (precision): 52.1063%.
2025-04-03 20:35:52,548 INFO -----------------------------
2025-04-03 20:35:52,548 INFO evaluate loss:1.3188373605952488
2025-04-03 20:35:52,548 INFO -----------------------------
2025-04-03 20:35:55,166 INFO Epoch 29, Batch 0, lr = 0.00006, audio_event_loss = 1.2718, audio_precision = 61.0936, 
2025-04-03 20:35:57,928 INFO epoch: *******************************************29
2025-04-03 20:36:03,441 INFO **************************************************************************		 Audio Evaluation results (precision): 59.8203%.	 Video Evaluation results (precision): 52.2045%.
2025-04-03 20:36:03,446 INFO -----------------------------
2025-04-03 20:36:03,446 INFO evaluate loss:1.3163089216080346
2025-04-03 20:36:03,446 INFO -----------------------------
