2025-04-03 21:09:00,238 INFO 
Creating folder: /project/ag-jafra/Souptik/CMG_New/Experiments/CMG_trial1/Models/AVVPExp100k/V2A/
2025-04-03 21:09:00,239 INFO 
Runtime args

{
    "dataset_name": "avvp_va",
    "n_epoch": 50,
    "batch_size": 64,
    "test_batch_size": 64,
    "lr": 0.0004,
    "gpu": "0",
    "snapshot_pref": "/project/ag-jafra/Souptik/CMG_New/Experiments/CMG_trial1/Models/AVVPExp100k/V2A/",
    "resume": "",
    "evaluate": false,
    "clip_gradient": 0.5,
    "loss_weights": 0.5,
    "start_epoch": 0,
    "model_save_path": "/project/ag-jafra/Souptik/CMG_New/Experiments/CMG_trial1/Models/AVVPExp100k/V2A/",
    "weight_decay": 0.0005,
    "print_freq": 1,
    "save_freq": null,
    "eval_freq": 1,
    "mi_lr": 0.001
}

2025-04-03 21:09:03,679 INFO Resume from number 5-th model.
2025-04-03 21:09:04,542 INFO Epoch 6, Batch 0, lr = 0.00040, video_event_loss = 4.1466, BCELoss = 0.6727, ExpLogLoss = 3.4739, video_precision = 0.0227, video_recall = 0.1798, alpha = 0.1000, 
2025-04-03 21:09:05,190 INFO Epoch 6, Batch 10, lr = 0.00040, video_event_loss = 3.9370, BCELoss = 0.6275, ExpLogLoss = 3.3095, video_precision = 0.1173, video_recall = 0.5925, alpha = 0.1019, 
2025-04-03 21:09:05,766 INFO Epoch 6, Batch 20, lr = 0.00040, video_event_loss = 3.3416, BCELoss = 0.5521, ExpLogLoss = 2.7896, video_precision = 0.1804, video_recall = 0.7360, alpha = 0.1052, 
2025-04-03 21:09:06,072 INFO **********************************************		 Train results (accuracy and recall): 0.1512	0.6659.
2025-04-03 21:09:06,099 INFO epoch: *******************************************6
2025-04-03 21:09:06,562 INFO **********************************************		 Evaluation results (accuracy and recall F1-score): 0.1933	0.6907	0.3020.
**********************************************		 Best results (accuracy and recall F1-score): 0.1933	0.6907	0.3020.
2025-04-03 21:09:06,563 INFO -----------------------------
2025-04-03 21:09:06,563 INFO evaluate loss:3.454294261490501
2025-04-03 21:09:06,563 INFO -----------------------------
2025-04-03 21:09:07,276 INFO Epoch 7, Batch 0, lr = 0.00040, video_event_loss = 2.9651, BCELoss = 0.4935, ExpLogLoss = 2.4716, video_precision = 0.1842, video_recall = 0.7594, alpha = 0.1078, 
2025-04-03 21:09:07,895 INFO Epoch 7, Batch 10, lr = 0.00040, video_event_loss = 2.7900, BCELoss = 0.4349, ExpLogLoss = 2.3552, video_precision = 0.2006, video_recall = 0.7500, alpha = 0.1102, 
2025-04-03 21:09:08,506 INFO Epoch 7, Batch 20, lr = 0.00040, video_event_loss = 2.4736, BCELoss = 0.3722, ExpLogLoss = 2.1013, video_precision = 0.2150, video_recall = 0.7460, alpha = 0.1132, 
2025-04-03 21:09:08,821 INFO **********************************************		 Train results (accuracy and recall): 0.2142	0.7475.
2025-04-03 21:09:08,846 INFO epoch: *******************************************7
2025-04-03 21:09:09,585 INFO **********************************************		 Evaluation results (accuracy and recall F1-score): 0.2417	0.6619	0.3541.
**********************************************		 Best results (accuracy and recall F1-score): 0.2417	0.6619	0.3541.
2025-04-03 21:09:09,586 INFO -----------------------------
2025-04-03 21:09:09,586 INFO evaluate loss:2.940195166473245
2025-04-03 21:09:09,586 INFO -----------------------------
2025-04-03 21:09:10,282 INFO Epoch 8, Batch 0, lr = 0.00040, video_event_loss = 2.4038, BCELoss = 0.3226, ExpLogLoss = 2.0812, video_precision = 0.2522, video_recall = 0.7415, alpha = 0.1155, 
2025-04-03 21:09:10,909 INFO Epoch 8, Batch 10, lr = 0.00040, video_event_loss = 2.2613, BCELoss = 0.2787, ExpLogLoss = 1.9826, video_precision = 0.2655, video_recall = 0.6789, alpha = 0.1178, 
2025-04-03 21:09:11,507 INFO Epoch 8, Batch 20, lr = 0.00040, video_event_loss = 2.1492, BCELoss = 0.2370, ExpLogLoss = 1.9122, video_precision = 0.3188, video_recall = 0.6690, alpha = 0.1205, 
2025-04-03 21:09:11,826 INFO **********************************************		 Train results (accuracy and recall): 0.3040	0.6678.
2025-04-03 21:09:11,853 INFO epoch: *******************************************8
2025-04-03 21:09:12,393 INFO **********************************************		 Evaluation results (accuracy and recall F1-score): 0.3426	0.5157	0.4117.
**********************************************		 Best results (accuracy and recall F1-score): 0.3426	0.5157	0.4117.
2025-04-03 21:09:12,393 INFO -----------------------------
2025-04-03 21:09:12,393 INFO evaluate loss:2.7668994537456593
2025-04-03 21:09:12,394 INFO -----------------------------
2025-04-03 21:09:13,093 INFO Epoch 9, Batch 0, lr = 0.00040, video_event_loss = 2.0143, BCELoss = 0.2084, ExpLogLoss = 1.8059, video_precision = 0.3676, video_recall = 0.6394, alpha = 0.1227, 
2025-04-03 21:09:13,720 INFO Epoch 9, Batch 10, lr = 0.00040, video_event_loss = 1.9530, BCELoss = 0.1824, ExpLogLoss = 1.7706, video_precision = 0.4217, video_recall = 0.5655, alpha = 0.1247, 
2025-04-03 21:09:14,324 INFO Epoch 9, Batch 20, lr = 0.00040, video_event_loss = 2.0691, BCELoss = 0.1649, ExpLogLoss = 1.9042, video_precision = 0.4611, video_recall = 0.5253, alpha = 0.1273, 
2025-04-03 21:09:14,655 INFO **********************************************		 Train results (accuracy and recall): 0.4545	0.5448.
2025-04-03 21:09:14,680 INFO epoch: *******************************************9
2025-04-03 21:09:15,106 INFO **********************************************		 Evaluation results (accuracy and recall F1-score): 0.4357	0.4100	0.4225.
**********************************************		 Best results (accuracy and recall F1-score): 0.4357	0.4100	0.4225.
2025-04-03 21:09:15,107 INFO -----------------------------
2025-04-03 21:09:15,107 INFO evaluate loss:2.703627576971325
2025-04-03 21:09:15,107 INFO -----------------------------
2025-04-03 21:09:15,782 INFO Epoch 10, Batch 0, lr = 0.00040, video_event_loss = 1.9057, BCELoss = 0.1501, ExpLogLoss = 1.7556, video_precision = 0.5142, video_recall = 0.5223, alpha = 0.1294, 
2025-04-03 21:09:16,396 INFO Epoch 10, Batch 10, lr = 0.00040, video_event_loss = 1.8699, BCELoss = 0.1421, ExpLogLoss = 1.7278, video_precision = 0.5240, video_recall = 0.5236, alpha = 0.1315, 
2025-04-03 21:09:17,003 INFO Epoch 10, Batch 20, lr = 0.00040, video_event_loss = 1.8699, BCELoss = 0.1324, ExpLogLoss = 1.7375, video_precision = 0.5253, video_recall = 0.4555, alpha = 0.1340, 
2025-04-03 21:09:17,331 INFO **********************************************		 Train results (accuracy and recall): 0.5357	0.4742.
2025-04-03 21:09:17,357 INFO epoch: *******************************************10
2025-04-03 21:09:17,796 INFO **********************************************		 Evaluation results (accuracy and recall F1-score): 0.4971	0.3586	0.4166.
**********************************************		 Best results (accuracy and recall F1-score): 0.4971	0.3586	0.4166.
2025-04-03 21:09:17,797 INFO -----------------------------
2025-04-03 21:09:17,797 INFO evaluate loss:2.634709416418859
2025-04-03 21:09:17,797 INFO -----------------------------
2025-04-03 21:09:18,461 INFO Epoch 11, Batch 0, lr = 0.00040, video_event_loss = 1.9767, BCELoss = 0.1289, ExpLogLoss = 1.8478, video_precision = 0.5904, video_recall = 0.4192, alpha = 0.1361, 
2025-04-03 21:09:19,090 INFO Epoch 11, Batch 10, lr = 0.00040, video_event_loss = 1.8357, BCELoss = 0.1235, ExpLogLoss = 1.7122, video_precision = 0.5909, video_recall = 0.4578, alpha = 0.1382, 
2025-04-03 21:09:19,703 INFO Epoch 11, Batch 20, lr = 0.00040, video_event_loss = 1.8557, BCELoss = 0.1232, ExpLogLoss = 1.7325, video_precision = 0.5633, video_recall = 0.4264, alpha = 0.1409, 
2025-04-03 21:09:20,021 INFO **********************************************		 Train results (accuracy and recall): 0.5833	0.4373.
2025-04-03 21:09:20,046 INFO epoch: *******************************************11
2025-04-03 21:09:20,594 INFO **********************************************		 Evaluation results (accuracy and recall F1-score): 0.5252	0.3392	0.4122.
**********************************************		 Best results (accuracy and recall F1-score): 0.5252	0.3392	0.4122.
2025-04-03 21:09:20,595 INFO -----------------------------
2025-04-03 21:09:20,595 INFO evaluate loss:2.6047825291517865
2025-04-03 21:09:20,595 INFO -----------------------------
2025-04-03 21:09:21,274 INFO Epoch 12, Batch 0, lr = 0.00040, video_event_loss = 1.8421, BCELoss = 0.1181, ExpLogLoss = 1.7240, video_precision = 0.6072, video_recall = 0.4140, alpha = 0.1430, 
2025-04-03 21:09:21,906 INFO Epoch 12, Batch 10, lr = 0.00040, video_event_loss = 1.8020, BCELoss = 0.1164, ExpLogLoss = 1.6855, video_precision = 0.6050, video_recall = 0.4297, alpha = 0.1451, 
2025-04-03 21:09:22,523 INFO Epoch 12, Batch 20, lr = 0.00040, video_event_loss = 1.8585, BCELoss = 0.1187, ExpLogLoss = 1.7397, video_precision = 0.6110, video_recall = 0.3941, alpha = 0.1478, 
2025-04-03 21:09:22,847 INFO **********************************************		 Train results (accuracy and recall): 0.6076	0.4124.
2025-04-03 21:09:22,872 INFO epoch: *******************************************12
2025-04-03 21:09:23,425 INFO **********************************************		 Evaluation results (accuracy and recall F1-score): 0.5457	0.3339	0.4143.
**********************************************		 Best results (accuracy and recall F1-score): 0.5457	0.3339	0.4143.
2025-04-03 21:09:23,425 INFO -----------------------------
2025-04-03 21:09:23,426 INFO evaluate loss:2.6241983163994935
2025-04-03 21:09:23,426 INFO -----------------------------
2025-04-03 21:09:24,128 INFO Epoch 13, Batch 0, lr = 0.00040, video_event_loss = 1.7052, BCELoss = 0.1112, ExpLogLoss = 1.5939, video_precision = 0.6184, video_recall = 0.4239, alpha = 0.1500, 
2025-04-03 21:09:24,749 INFO Epoch 13, Batch 10, lr = 0.00040, video_event_loss = 1.7576, BCELoss = 0.1125, ExpLogLoss = 1.6451, video_precision = 0.6205, video_recall = 0.4000, alpha = 0.1521, 
2025-04-03 21:09:25,363 INFO Epoch 13, Batch 20, lr = 0.00040, video_event_loss = 1.8547, BCELoss = 0.1159, ExpLogLoss = 1.7388, video_precision = 0.6157, video_recall = 0.3825, alpha = 0.1547, 
2025-04-03 21:09:25,677 INFO **********************************************		 Train results (accuracy and recall): 0.6231	0.3980.
2025-04-03 21:09:25,702 INFO epoch: *******************************************13
2025-04-03 21:09:26,244 INFO **********************************************		 Evaluation results (accuracy and recall F1-score): 0.5616	0.3135	0.4024.
**********************************************		 Best results (accuracy and recall F1-score): 0.5616	0.3135	0.4024.
2025-04-03 21:09:26,245 INFO -----------------------------
2025-04-03 21:09:26,245 INFO evaluate loss:2.5713273676714103
2025-04-03 21:09:26,245 INFO -----------------------------
2025-04-03 21:09:26,937 INFO Epoch 14, Batch 0, lr = 0.00040, video_event_loss = 1.7598, BCELoss = 0.1119, ExpLogLoss = 1.6479, video_precision = 0.6313, video_recall = 0.3991, alpha = 0.1569, 
2025-04-03 21:09:27,560 INFO Epoch 14, Batch 10, lr = 0.00040, video_event_loss = 1.8134, BCELoss = 0.1141, ExpLogLoss = 1.6993, video_precision = 0.6433, video_recall = 0.3812, alpha = 0.1591, 
2025-04-03 21:09:28,165 INFO Epoch 14, Batch 20, lr = 0.00040, video_event_loss = 1.6841, BCELoss = 0.1093, ExpLogLoss = 1.5748, video_precision = 0.6376, video_recall = 0.3813, alpha = 0.1618, 
2025-04-03 21:09:28,477 INFO **********************************************		 Train results (accuracy and recall): 0.6454	0.3861.
2025-04-03 21:09:28,503 INFO epoch: *******************************************14
2025-04-03 21:09:28,950 INFO **********************************************		 Evaluation results (accuracy and recall F1-score): 0.5694	0.3028	0.3953.
**********************************************		 Best results (accuracy and recall F1-score): 0.5694	0.3028	0.3953.
2025-04-03 21:09:28,951 INFO -----------------------------
2025-04-03 21:09:28,951 INFO evaluate loss:2.6055848316451224
2025-04-03 21:09:28,951 INFO -----------------------------
2025-04-03 21:09:29,659 INFO Epoch 15, Batch 0, lr = 0.00040, video_event_loss = 1.7216, BCELoss = 0.1098, ExpLogLoss = 1.6118, video_precision = 0.6554, video_recall = 0.4018, alpha = 0.1639, 
2025-04-03 21:09:30,280 INFO Epoch 15, Batch 10, lr = 0.00040, video_event_loss = 1.7095, BCELoss = 0.1086, ExpLogLoss = 1.6010, video_precision = 0.6505, video_recall = 0.3880, alpha = 0.1660, 
2025-04-03 21:09:30,880 INFO Epoch 15, Batch 20, lr = 0.00040, video_event_loss = 1.7273, BCELoss = 0.1103, ExpLogLoss = 1.6170, video_precision = 0.6418, video_recall = 0.3775, alpha = 0.1687, 
2025-04-03 21:09:31,192 INFO **********************************************		 Train results (accuracy and recall): 0.6486	0.3763.
2025-04-03 21:09:31,218 INFO epoch: *******************************************15
2025-04-03 21:09:31,681 INFO **********************************************		 Evaluation results (accuracy and recall F1-score): 0.5787	0.3081	0.4021.
**********************************************		 Best results (accuracy and recall F1-score): 0.5787	0.3081	0.4021.
2025-04-03 21:09:31,682 INFO -----------------------------
2025-04-03 21:09:31,682 INFO evaluate loss:2.5410237552298214
2025-04-03 21:09:31,682 INFO -----------------------------
2025-04-03 21:09:32,366 INFO Epoch 16, Batch 0, lr = 0.00020, video_event_loss = 1.7690, BCELoss = 0.1118, ExpLogLoss = 1.6571, video_precision = 0.6801, video_recall = 0.3648, alpha = 0.1708, 
2025-04-03 21:09:32,992 INFO Epoch 16, Batch 10, lr = 0.00020, video_event_loss = 1.7014, BCELoss = 0.1099, ExpLogLoss = 1.5915, video_precision = 0.6693, video_recall = 0.3590, alpha = 0.1722, 
2025-04-03 21:09:33,604 INFO Epoch 16, Batch 20, lr = 0.00020, video_event_loss = 1.6966, BCELoss = 0.1076, ExpLogLoss = 1.5890, video_precision = 0.6877, video_recall = 0.3874, alpha = 0.1736, 
2025-04-03 21:09:33,926 INFO **********************************************		 Train results (accuracy and recall): 0.6804	0.3739.
2025-04-03 21:09:33,952 INFO epoch: *******************************************16
2025-04-03 21:09:34,435 INFO **********************************************		 Evaluation results (accuracy and recall F1-score): 0.5732	0.2997	0.3936.
**********************************************		 Best results (accuracy and recall F1-score): 0.5787	0.3081	0.4021.
2025-04-03 21:09:34,439 INFO -----------------------------
2025-04-03 21:09:34,439 INFO evaluate loss:2.568655409279908
2025-04-03 21:09:34,439 INFO -----------------------------
2025-04-03 21:09:35,141 INFO Epoch 17, Batch 0, lr = 0.00020, video_event_loss = 1.7605, BCELoss = 0.1119, ExpLogLoss = 1.6486, video_precision = 0.6705, video_recall = 0.3689, alpha = 0.1747, 
2025-04-03 21:09:35,760 INFO Epoch 17, Batch 10, lr = 0.00020, video_event_loss = 1.6501, BCELoss = 0.1058, ExpLogLoss = 1.5444, video_precision = 0.6537, video_recall = 0.3953, alpha = 0.1757, 
2025-04-03 21:09:36,375 INFO Epoch 17, Batch 20, lr = 0.00020, video_event_loss = 1.7845, BCELoss = 0.1129, ExpLogLoss = 1.6716, video_precision = 0.6753, video_recall = 0.3475, alpha = 0.1771, 
2025-04-03 21:09:36,687 INFO **********************************************		 Train results (accuracy and recall): 0.6688	0.3691.
2025-04-03 21:09:36,712 INFO epoch: *******************************************17
2025-04-03 21:09:37,277 INFO **********************************************		 Evaluation results (accuracy and recall F1-score): 0.5799	0.2983	0.3939.
**********************************************		 Best results (accuracy and recall F1-score): 0.5799	0.2983	0.3939.
2025-04-03 21:09:37,278 INFO -----------------------------
2025-04-03 21:09:37,278 INFO evaluate loss:2.5609431977349395
2025-04-03 21:09:37,279 INFO -----------------------------
2025-04-03 21:09:38,005 INFO Epoch 18, Batch 0, lr = 0.00020, video_event_loss = 1.6635, BCELoss = 0.1072, ExpLogLoss = 1.5563, video_precision = 0.6905, video_recall = 0.3648, alpha = 0.1782, 
2025-04-03 21:09:38,653 INFO Epoch 18, Batch 10, lr = 0.00020, video_event_loss = 1.7258, BCELoss = 0.1108, ExpLogLoss = 1.6150, video_precision = 0.6688, video_recall = 0.3559, alpha = 0.1793, 
2025-04-03 21:09:39,267 INFO Epoch 18, Batch 20, lr = 0.00020, video_event_loss = 1.7039, BCELoss = 0.1088, ExpLogLoss = 1.5951, video_precision = 0.6714, video_recall = 0.3681, alpha = 0.1807, 
2025-04-03 21:09:39,594 INFO **********************************************		 Train results (accuracy and recall): 0.6755	0.3650.
2025-04-03 21:09:39,620 INFO epoch: *******************************************18
2025-04-03 21:09:40,176 INFO **********************************************		 Evaluation results (accuracy and recall F1-score): 0.5750	0.3025	0.3965.
**********************************************		 Best results (accuracy and recall F1-score): 0.5799	0.2983	0.3939.
2025-04-03 21:09:40,176 INFO -----------------------------
2025-04-03 21:09:40,176 INFO evaluate loss:2.5356353745071747
2025-04-03 21:09:40,176 INFO -----------------------------
2025-04-03 21:09:40,870 INFO Epoch 19, Batch 0, lr = 0.00020, video_event_loss = 1.6373, BCELoss = 0.1078, ExpLogLoss = 1.5295, video_precision = 0.6643, video_recall = 0.3571, alpha = 0.1818, 
2025-04-03 21:09:41,492 INFO Epoch 19, Batch 10, lr = 0.00020, video_event_loss = 1.6450, BCELoss = 0.1081, ExpLogLoss = 1.5369, video_precision = 0.6690, video_recall = 0.3681, alpha = 0.1829, 
2025-04-03 21:09:42,082 INFO Epoch 19, Batch 20, lr = 0.00020, video_event_loss = 1.6858, BCELoss = 0.1076, ExpLogLoss = 1.5782, video_precision = 0.6917, video_recall = 0.3972, alpha = 0.1842, 
2025-04-03 21:09:42,417 INFO **********************************************		 Train results (accuracy and recall): 0.6768	0.3758.
2025-04-03 21:09:42,442 INFO epoch: *******************************************19
2025-04-03 21:09:42,908 INFO **********************************************		 Evaluation results (accuracy and recall F1-score): 0.5784	0.3041	0.3986.
**********************************************		 Best results (accuracy and recall F1-score): 0.5799	0.2983	0.3939.
2025-04-03 21:09:42,909 INFO -----------------------------
2025-04-03 21:09:42,909 INFO evaluate loss:2.546291130618487
2025-04-03 21:09:42,909 INFO -----------------------------
2025-04-03 21:09:43,597 INFO Epoch 20, Batch 0, lr = 0.00020, video_event_loss = 1.7634, BCELoss = 0.1117, ExpLogLoss = 1.6516, video_precision = 0.6746, video_recall = 0.3536, alpha = 0.1853, 
2025-04-03 21:09:44,214 INFO Epoch 20, Batch 10, lr = 0.00020, video_event_loss = 1.6647, BCELoss = 0.1074, ExpLogLoss = 1.5573, video_precision = 0.6738, video_recall = 0.3778, alpha = 0.1864, 
2025-04-03 21:09:44,823 INFO Epoch 20, Batch 20, lr = 0.00020, video_event_loss = 1.6571, BCELoss = 0.1078, ExpLogLoss = 1.5493, video_precision = 0.6909, video_recall = 0.3650, alpha = 0.1878, 
2025-04-03 21:09:45,136 INFO **********************************************		 Train results (accuracy and recall): 0.6906	0.3661.
2025-04-03 21:09:45,161 INFO epoch: *******************************************20
2025-04-03 21:09:45,742 INFO **********************************************		 Evaluation results (accuracy and recall F1-score): 0.5689	0.2832	0.3781.
**********************************************		 Best results (accuracy and recall F1-score): 0.5799	0.2983	0.3939.
2025-04-03 21:09:45,742 INFO -----------------------------
2025-04-03 21:09:45,742 INFO evaluate loss:2.5226119371961566
2025-04-03 21:09:45,742 INFO -----------------------------
2025-04-03 21:09:46,452 INFO Epoch 21, Batch 0, lr = 0.00020, video_event_loss = 1.7032, BCELoss = 0.1110, ExpLogLoss = 1.5922, video_precision = 0.7432, video_recall = 0.3551, alpha = 0.1889, 
2025-04-03 21:09:47,083 INFO Epoch 21, Batch 10, lr = 0.00020, video_event_loss = 1.6739, BCELoss = 0.1079, ExpLogLoss = 1.5659, video_precision = 0.7406, video_recall = 0.3680, alpha = 0.1900, 
2025-04-03 21:09:47,676 INFO Epoch 21, Batch 20, lr = 0.00020, video_event_loss = 1.6944, BCELoss = 0.1101, ExpLogLoss = 1.5843, video_precision = 0.6711, video_recall = 0.3485, alpha = 0.1914, 
2025-04-03 21:09:47,991 INFO **********************************************		 Train results (accuracy and recall): 0.7056	0.3616.
2025-04-03 21:09:48,017 INFO epoch: *******************************************21
2025-04-03 21:09:48,570 INFO **********************************************		 Evaluation results (accuracy and recall F1-score): 0.5781	0.2956	0.3912.
**********************************************		 Best results (accuracy and recall F1-score): 0.5799	0.2983	0.3939.
2025-04-03 21:09:48,570 INFO -----------------------------
2025-04-03 21:09:48,570 INFO evaluate loss:2.525839793498401
2025-04-03 21:09:48,570 INFO -----------------------------
2025-04-03 21:09:49,261 INFO Epoch 22, Batch 0, lr = 0.00020, video_event_loss = 1.6565, BCELoss = 0.1063, ExpLogLoss = 1.5502, video_precision = 0.6978, video_recall = 0.3588, alpha = 0.1925, 
2025-04-03 21:09:49,896 INFO Epoch 22, Batch 10, lr = 0.00020, video_event_loss = 1.6341, BCELoss = 0.1072, ExpLogLoss = 1.5269, video_precision = 0.7010, video_recall = 0.3511, alpha = 0.1936, 
2025-04-03 21:09:50,489 INFO Epoch 22, Batch 20, lr = 0.00020, video_event_loss = 1.7046, BCELoss = 0.1092, ExpLogLoss = 1.5954, video_precision = 0.7192, video_recall = 0.3656, alpha = 0.1950, 
2025-04-03 21:09:50,812 INFO **********************************************		 Train results (accuracy and recall): 0.7077	0.3641.
2025-04-03 21:09:50,838 INFO epoch: *******************************************22
2025-04-03 21:09:51,407 INFO **********************************************		 Evaluation results (accuracy and recall F1-score): 0.5739	0.2982	0.3925.
**********************************************		 Best results (accuracy and recall F1-score): 0.5799	0.2983	0.3939.
2025-04-03 21:09:51,408 INFO -----------------------------
2025-04-03 21:09:51,408 INFO evaluate loss:2.504292774689996
2025-04-03 21:09:51,408 INFO -----------------------------
2025-04-03 21:09:52,071 INFO Epoch 23, Batch 0, lr = 0.00020, video_event_loss = 1.5994, BCELoss = 0.1070, ExpLogLoss = 1.4925, video_precision = 0.7042, video_recall = 0.3868, alpha = 0.1962, 
2025-04-03 21:09:52,691 INFO Epoch 23, Batch 10, lr = 0.00020, video_event_loss = 1.6372, BCELoss = 0.1067, ExpLogLoss = 1.5305, video_precision = 0.7275, video_recall = 0.3794, alpha = 0.1973, 
2025-04-03 21:09:53,295 INFO Epoch 23, Batch 20, lr = 0.00020, video_event_loss = 1.6268, BCELoss = 0.1066, ExpLogLoss = 1.5201, video_precision = 0.7205, video_recall = 0.3599, alpha = 0.1987, 
2025-04-03 21:09:53,613 INFO **********************************************		 Train results (accuracy and recall): 0.7179	0.3618.
2025-04-03 21:09:53,638 INFO epoch: *******************************************23
2025-04-03 21:09:54,223 INFO **********************************************		 Evaluation results (accuracy and recall F1-score): 0.5784	0.2989	0.3941.
**********************************************		 Best results (accuracy and recall F1-score): 0.5799	0.2983	0.3939.
2025-04-03 21:09:54,224 INFO -----------------------------
2025-04-03 21:09:54,224 INFO evaluate loss:2.5073468008617956
2025-04-03 21:09:54,224 INFO -----------------------------
2025-04-03 21:09:54,908 INFO Epoch 24, Batch 0, lr = 0.00020, video_event_loss = 1.7679, BCELoss = 0.1138, ExpLogLoss = 1.6541, video_precision = 0.7067, video_recall = 0.3358, alpha = 0.1997, 
2025-04-03 21:09:55,535 INFO Epoch 24, Batch 10, lr = 0.00020, video_event_loss = 1.6833, BCELoss = 0.1090, ExpLogLoss = 1.5743, video_precision = 0.7166, video_recall = 0.3558, alpha = 0.2009, 
2025-04-03 21:09:56,141 INFO Epoch 24, Batch 20, lr = 0.00020, video_event_loss = 1.5775, BCELoss = 0.1053, ExpLogLoss = 1.4721, video_precision = 0.7141, video_recall = 0.3625, alpha = 0.2023, 
2025-04-03 21:09:56,471 INFO **********************************************		 Train results (accuracy and recall): 0.7167	0.3563.
2025-04-03 21:09:56,497 INFO epoch: *******************************************24
2025-04-03 21:09:57,036 INFO **********************************************		 Evaluation results (accuracy and recall F1-score): 0.5747	0.2920	0.3872.
**********************************************		 Best results (accuracy and recall F1-score): 0.5799	0.2983	0.3939.
2025-04-03 21:09:57,036 INFO -----------------------------
2025-04-03 21:09:57,036 INFO evaluate loss:2.488336537776404
2025-04-03 21:09:57,036 INFO -----------------------------
2025-04-03 21:09:57,724 INFO Epoch 25, Batch 0, lr = 0.00020, video_event_loss = 1.6822, BCELoss = 0.1093, ExpLogLoss = 1.5729, video_precision = 0.7301, video_recall = 0.3509, alpha = 0.2034, 
2025-04-03 21:09:58,343 INFO Epoch 25, Batch 10, lr = 0.00020, video_event_loss = 1.6483, BCELoss = 0.1086, ExpLogLoss = 1.5397, video_precision = 0.6867, video_recall = 0.3418, alpha = 0.2045, 
2025-04-03 21:09:58,936 INFO Epoch 25, Batch 20, lr = 0.00020, video_event_loss = 1.6000, BCELoss = 0.1059, ExpLogLoss = 1.4940, video_precision = 0.7016, video_recall = 0.3797, alpha = 0.2059, 
2025-04-03 21:09:59,267 INFO **********************************************		 Train results (accuracy and recall): 0.6951	0.3624.
2025-04-03 21:09:59,293 INFO epoch: *******************************************25
2025-04-03 21:09:59,884 INFO **********************************************		 Evaluation results (accuracy and recall F1-score): 0.5676	0.2882	0.3823.
**********************************************		 Best results (accuracy and recall F1-score): 0.5799	0.2983	0.3939.
2025-04-03 21:09:59,884 INFO -----------------------------
2025-04-03 21:09:59,885 INFO evaluate loss:2.501994965097781
2025-04-03 21:09:59,885 INFO -----------------------------
2025-04-03 21:10:00,544 INFO Epoch 26, Batch 0, lr = 0.00010, video_event_loss = 1.7095, BCELoss = 0.1108, ExpLogLoss = 1.5987, video_precision = 0.6715, video_recall = 0.3688, alpha = 0.2071, 
2025-04-03 21:10:01,162 INFO Epoch 26, Batch 10, lr = 0.00010, video_event_loss = 1.6032, BCELoss = 0.1061, ExpLogLoss = 1.4971, video_precision = 0.6815, video_recall = 0.3678, alpha = 0.2078, 
2025-04-03 21:10:01,768 INFO Epoch 26, Batch 20, lr = 0.00010, video_event_loss = 1.5955, BCELoss = 0.1063, ExpLogLoss = 1.4892, video_precision = 0.6865, video_recall = 0.3837, alpha = 0.2085, 
2025-04-03 21:10:02,096 INFO **********************************************		 Train results (accuracy and recall): 0.6878	0.3704.
2025-04-03 21:10:02,122 INFO epoch: *******************************************26
2025-04-03 21:10:02,617 INFO **********************************************		 Evaluation results (accuracy and recall F1-score): 0.5755	0.2990	0.3935.
**********************************************		 Best results (accuracy and recall F1-score): 0.5799	0.2983	0.3939.
2025-04-03 21:10:02,618 INFO -----------------------------
2025-04-03 21:10:02,618 INFO evaluate loss:2.4873581608562074
2025-04-03 21:10:02,618 INFO -----------------------------
2025-04-03 21:10:03,291 INFO Epoch 27, Batch 0, lr = 0.00010, video_event_loss = 1.7176, BCELoss = 0.1114, ExpLogLoss = 1.6062, video_precision = 0.6902, video_recall = 0.3346, alpha = 0.2091, 
2025-04-03 21:10:03,921 INFO Epoch 27, Batch 10, lr = 0.00010, video_event_loss = 1.5814, BCELoss = 0.1053, ExpLogLoss = 1.4761, video_precision = 0.7531, video_recall = 0.3865, alpha = 0.2096, 
2025-04-03 21:10:04,535 INFO Epoch 27, Batch 20, lr = 0.00010, video_event_loss = 1.6476, BCELoss = 0.1089, ExpLogLoss = 1.5387, video_precision = 0.6940, video_recall = 0.3509, alpha = 0.2103, 
2025-04-03 21:10:04,858 INFO **********************************************		 Train results (accuracy and recall): 0.7196	0.3624.
2025-04-03 21:10:04,883 INFO epoch: *******************************************27
2025-04-03 21:10:05,395 INFO **********************************************		 Evaluation results (accuracy and recall F1-score): 0.5739	0.2934	0.3883.
**********************************************		 Best results (accuracy and recall F1-score): 0.5799	0.2983	0.3939.
2025-04-03 21:10:05,396 INFO -----------------------------
2025-04-03 21:10:05,396 INFO evaluate loss:2.4857437746912563
2025-04-03 21:10:05,396 INFO -----------------------------
2025-04-03 21:10:06,082 INFO Epoch 28, Batch 0, lr = 0.00010, video_event_loss = 1.5843, BCELoss = 0.1058, ExpLogLoss = 1.4784, video_precision = 0.7314, video_recall = 0.3642, alpha = 0.2109, 
2025-04-03 21:10:06,716 INFO Epoch 28, Batch 10, lr = 0.00010, video_event_loss = 1.6316, BCELoss = 0.1080, ExpLogLoss = 1.5236, video_precision = 0.7134, video_recall = 0.3629, alpha = 0.2115, 
2025-04-03 21:10:07,317 INFO Epoch 28, Batch 20, lr = 0.00010, video_event_loss = 1.5933, BCELoss = 0.1064, ExpLogLoss = 1.4869, video_precision = 0.7286, video_recall = 0.3620, alpha = 0.2122, 
2025-04-03 21:10:07,637 INFO **********************************************		 Train results (accuracy and recall): 0.7207	0.3605.
2025-04-03 21:10:07,663 INFO epoch: *******************************************28
2025-04-03 21:10:08,259 INFO **********************************************		 Evaluation results (accuracy and recall F1-score): 0.5741	0.2967	0.3912.
**********************************************		 Best results (accuracy and recall F1-score): 0.5799	0.2983	0.3939.
2025-04-03 21:10:08,260 INFO -----------------------------
2025-04-03 21:10:08,260 INFO evaluate loss:2.4682314651723107
2025-04-03 21:10:08,260 INFO -----------------------------
2025-04-03 21:10:08,962 INFO Epoch 29, Batch 0, lr = 0.00010, video_event_loss = 1.6406, BCELoss = 0.1082, ExpLogLoss = 1.5324, video_precision = 0.7225, video_recall = 0.3492, alpha = 0.2127, 
2025-04-03 21:10:09,586 INFO Epoch 29, Batch 10, lr = 0.00010, video_event_loss = 1.6209, BCELoss = 0.1072, ExpLogLoss = 1.5136, video_precision = 0.7278, video_recall = 0.3543, alpha = 0.2133, 
2025-04-03 21:10:10,212 INFO Epoch 29, Batch 20, lr = 0.00010, video_event_loss = 1.6034, BCELoss = 0.1073, ExpLogLoss = 1.4960, video_precision = 0.7183, video_recall = 0.3699, alpha = 0.2140, 
2025-04-03 21:10:10,558 INFO **********************************************		 Train results (accuracy and recall): 0.7212	0.3620.
2025-04-03 21:10:10,584 INFO epoch: *******************************************29
2025-04-03 21:10:11,176 INFO **********************************************		 Evaluation results (accuracy and recall F1-score): 0.5629	0.2830	0.3766.
**********************************************		 Best results (accuracy and recall F1-score): 0.5799	0.2983	0.3939.
2025-04-03 21:10:11,176 INFO -----------------------------
2025-04-03 21:10:11,176 INFO evaluate loss:2.4754351227563847
2025-04-03 21:10:11,176 INFO -----------------------------
2025-04-03 21:10:11,883 INFO Epoch 30, Batch 0, lr = 0.00010, video_event_loss = 1.6060, BCELoss = 0.1056, ExpLogLoss = 1.5004, video_precision = 0.7044, video_recall = 0.3808, alpha = 0.2146, 
2025-04-03 21:10:12,504 INFO Epoch 30, Batch 10, lr = 0.00010, video_event_loss = 1.6142, BCELoss = 0.1072, ExpLogLoss = 1.5069, video_precision = 0.7314, video_recall = 0.3526, alpha = 0.2151, 
2025-04-03 21:10:13,132 INFO Epoch 30, Batch 20, lr = 0.00010, video_event_loss = 1.5726, BCELoss = 0.1056, ExpLogLoss = 1.4670, video_precision = 0.7120, video_recall = 0.3771, alpha = 0.2159, 
2025-04-03 21:10:13,484 INFO **********************************************		 Train results (accuracy and recall): 0.7180	0.3614.
2025-04-03 21:10:13,510 INFO epoch: *******************************************30
2025-04-03 21:10:14,053 INFO **********************************************		 Evaluation results (accuracy and recall F1-score): 0.5740	0.2930	0.3879.
**********************************************		 Best results (accuracy and recall F1-score): 0.5799	0.2983	0.3939.
2025-04-03 21:10:14,054 INFO -----------------------------
2025-04-03 21:10:14,054 INFO evaluate loss:2.4816286530691207
2025-04-03 21:10:14,054 INFO -----------------------------
2025-04-03 21:10:14,741 INFO Epoch 31, Batch 0, lr = 0.00010, video_event_loss = 1.6983, BCELoss = 0.1125, ExpLogLoss = 1.5857, video_precision = 0.7215, video_recall = 0.3377, alpha = 0.2164, 
2025-04-03 21:10:15,371 INFO Epoch 31, Batch 10, lr = 0.00010, video_event_loss = 1.6634, BCELoss = 0.1090, ExpLogLoss = 1.5544, video_precision = 0.7111, video_recall = 0.3488, alpha = 0.2170, 
2025-04-03 21:10:15,975 INFO Epoch 31, Batch 20, lr = 0.00010, video_event_loss = 1.5675, BCELoss = 0.1060, ExpLogLoss = 1.4615, video_precision = 0.7337, video_recall = 0.3724, alpha = 0.2177, 
2025-04-03 21:10:16,313 INFO **********************************************		 Train results (accuracy and recall): 0.7284	0.3585.
2025-04-03 21:10:16,339 INFO epoch: *******************************************31
2025-04-03 21:10:16,881 INFO **********************************************		 Evaluation results (accuracy and recall F1-score): 0.5688	0.2885	0.3829.
**********************************************		 Best results (accuracy and recall F1-score): 0.5799	0.2983	0.3939.
2025-04-03 21:10:16,882 INFO -----------------------------
2025-04-03 21:10:16,882 INFO evaluate loss:2.4592934853841024
2025-04-03 21:10:16,882 INFO -----------------------------
2025-04-03 21:10:17,557 INFO Epoch 32, Batch 0, lr = 0.00010, video_event_loss = 1.5333, BCELoss = 0.1031, ExpLogLoss = 1.4302, video_precision = 0.7458, video_recall = 0.3567, alpha = 0.2183, 
2025-04-03 21:10:18,177 INFO Epoch 32, Batch 10, lr = 0.00010, video_event_loss = 1.6121, BCELoss = 0.1074, ExpLogLoss = 1.5047, video_precision = 0.7232, video_recall = 0.3622, alpha = 0.2188, 
2025-04-03 21:10:18,782 INFO Epoch 32, Batch 20, lr = 0.00010, video_event_loss = 1.5860, BCELoss = 0.1068, ExpLogLoss = 1.4793, video_precision = 0.7187, video_recall = 0.3494, alpha = 0.2195, 
2025-04-03 21:10:19,116 INFO **********************************************		 Train results (accuracy and recall): 0.7236	0.3571.
2025-04-03 21:10:19,142 INFO epoch: *******************************************32
2025-04-03 21:10:19,653 INFO **********************************************		 Evaluation results (accuracy and recall F1-score): 0.5738	0.2870	0.3826.
**********************************************		 Best results (accuracy and recall F1-score): 0.5799	0.2983	0.3939.
2025-04-03 21:10:19,654 INFO -----------------------------
2025-04-03 21:10:19,654 INFO evaluate loss:2.4591958374942005
2025-04-03 21:10:19,655 INFO -----------------------------
2025-04-03 21:10:20,342 INFO Epoch 33, Batch 0, lr = 0.00010, video_event_loss = 1.6430, BCELoss = 0.1079, ExpLogLoss = 1.5351, video_precision = 0.7232, video_recall = 0.3476, alpha = 0.2201, 
2025-04-03 21:10:20,959 INFO Epoch 33, Batch 10, lr = 0.00010, video_event_loss = 1.6739, BCELoss = 0.1100, ExpLogLoss = 1.5639, video_precision = 0.7088, video_recall = 0.3480, alpha = 0.2207, 
2025-04-03 21:10:21,572 INFO Epoch 33, Batch 20, lr = 0.00010, video_event_loss = 1.5875, BCELoss = 0.1067, ExpLogLoss = 1.4808, video_precision = 0.7434, video_recall = 0.3703, alpha = 0.2214, 
2025-04-03 21:10:21,904 INFO **********************************************		 Train results (accuracy and recall): 0.7219	0.3621.
2025-04-03 21:10:21,930 INFO epoch: *******************************************33
2025-04-03 21:10:22,375 INFO **********************************************		 Evaluation results (accuracy and recall F1-score): 0.5635	0.2836	0.3773.
**********************************************		 Best results (accuracy and recall F1-score): 0.5799	0.2983	0.3939.
2025-04-03 21:10:22,375 INFO -----------------------------
2025-04-03 21:10:22,375 INFO evaluate loss:2.452910106231883
2025-04-03 21:10:22,375 INFO -----------------------------
2025-04-03 21:10:23,069 INFO Epoch 34, Batch 0, lr = 0.00010, video_event_loss = 1.5018, BCELoss = 0.1026, ExpLogLoss = 1.3992, video_precision = 0.7210, video_recall = 0.3801, alpha = 0.2220, 
2025-04-03 21:10:23,689 INFO Epoch 34, Batch 10, lr = 0.00010, video_event_loss = 1.5392, BCELoss = 0.1046, ExpLogLoss = 1.4347, video_precision = 0.7569, video_recall = 0.3710, alpha = 0.2225, 
2025-04-03 21:10:24,295 INFO Epoch 34, Batch 20, lr = 0.00010, video_event_loss = 1.6833, BCELoss = 0.1108, ExpLogLoss = 1.5726, video_precision = 0.6713, video_recall = 0.3367, alpha = 0.2232, 
2025-04-03 21:10:24,616 INFO **********************************************		 Train results (accuracy and recall): 0.7190	0.3575.
2025-04-03 21:10:24,642 INFO epoch: *******************************************34
2025-04-03 21:10:25,159 INFO **********************************************		 Evaluation results (accuracy and recall F1-score): 0.5711	0.2878	0.3827.
**********************************************		 Best results (accuracy and recall F1-score): 0.5799	0.2983	0.3939.
2025-04-03 21:10:25,159 INFO -----------------------------
2025-04-03 21:10:25,160 INFO evaluate loss:2.4573367625952365
2025-04-03 21:10:25,160 INFO -----------------------------
2025-04-03 21:10:25,867 INFO Epoch 35, Batch 0, lr = 0.00010, video_event_loss = 1.6086, BCELoss = 0.1071, ExpLogLoss = 1.5016, video_precision = 0.7189, video_recall = 0.3720, alpha = 0.2238, 
2025-04-03 21:10:26,486 INFO Epoch 35, Batch 10, lr = 0.00010, video_event_loss = 1.5891, BCELoss = 0.1075, ExpLogLoss = 1.4816, video_precision = 0.7333, video_recall = 0.3526, alpha = 0.2244, 
2025-04-03 21:10:27,084 INFO Epoch 35, Batch 20, lr = 0.00010, video_event_loss = 1.6237, BCELoss = 0.1078, ExpLogLoss = 1.5159, video_precision = 0.7213, video_recall = 0.3588, alpha = 0.2251, 
2025-04-03 21:10:27,416 INFO **********************************************		 Train results (accuracy and recall): 0.7324	0.3581.
2025-04-03 21:10:27,443 INFO epoch: *******************************************35
2025-04-03 21:10:27,951 INFO **********************************************		 Evaluation results (accuracy and recall F1-score): 0.5727	0.2932	0.3878.
**********************************************		 Best results (accuracy and recall F1-score): 0.5799	0.2983	0.3939.
2025-04-03 21:10:27,951 INFO -----------------------------
2025-04-03 21:10:27,951 INFO evaluate loss:2.4498536634343138
2025-04-03 21:10:27,951 INFO -----------------------------
2025-04-03 21:10:28,667 INFO Epoch 36, Batch 0, lr = 0.00005, video_event_loss = 1.5277, BCELoss = 0.1046, ExpLogLoss = 1.4231, video_precision = 0.7489, video_recall = 0.3591, alpha = 0.2257, 
2025-04-03 21:10:29,280 INFO Epoch 36, Batch 10, lr = 0.00005, video_event_loss = 1.6082, BCELoss = 0.1079, ExpLogLoss = 1.5003, video_precision = 0.6854, video_recall = 0.3343, alpha = 0.2261, 
2025-04-03 21:10:29,867 INFO Epoch 36, Batch 20, lr = 0.00005, video_event_loss = 1.5496, BCELoss = 0.1052, ExpLogLoss = 1.4444, video_precision = 0.7495, video_recall = 0.3778, alpha = 0.2265, 
2025-04-03 21:10:30,191 INFO **********************************************		 Train results (accuracy and recall): 0.7220	0.3635.
2025-04-03 21:10:30,217 INFO epoch: *******************************************36
2025-04-03 21:10:30,756 INFO **********************************************		 Evaluation results (accuracy and recall F1-score): 0.5684	0.2838	0.3786.
**********************************************		 Best results (accuracy and recall F1-score): 0.5799	0.2983	0.3939.
2025-04-03 21:10:30,757 INFO -----------------------------
2025-04-03 21:10:30,757 INFO evaluate loss:2.4479703667617216
2025-04-03 21:10:30,757 INFO -----------------------------
2025-04-03 21:10:31,450 INFO Epoch 37, Batch 0, lr = 0.00005, video_event_loss = 1.6427, BCELoss = 0.1075, ExpLogLoss = 1.5353, video_precision = 0.7390, video_recall = 0.3908, alpha = 0.2267, 
2025-04-03 21:10:32,075 INFO Epoch 37, Batch 10, lr = 0.00005, video_event_loss = 1.5356, BCELoss = 0.1044, ExpLogLoss = 1.4311, video_precision = 0.7299, video_recall = 0.3733, alpha = 0.2270, 
2025-04-03 21:10:32,673 INFO Epoch 37, Batch 20, lr = 0.00005, video_event_loss = 1.6344, BCELoss = 0.1082, ExpLogLoss = 1.5262, video_precision = 0.7329, video_recall = 0.3594, alpha = 0.2274, 
2025-04-03 21:10:32,990 INFO **********************************************		 Train results (accuracy and recall): 0.7233	0.3617.
2025-04-03 21:10:33,015 INFO epoch: *******************************************37
2025-04-03 21:10:33,578 INFO **********************************************		 Evaluation results (accuracy and recall F1-score): 0.5754	0.2928	0.3881.
**********************************************		 Best results (accuracy and recall F1-score): 0.5799	0.2983	0.3939.
2025-04-03 21:10:33,579 INFO -----------------------------
2025-04-03 21:10:33,579 INFO evaluate loss:2.445236887589771
2025-04-03 21:10:33,579 INFO -----------------------------
2025-04-03 21:10:34,285 INFO Epoch 38, Batch 0, lr = 0.00005, video_event_loss = 1.5630, BCELoss = 0.1080, ExpLogLoss = 1.4550, video_precision = 0.6891, video_recall = 0.3547, alpha = 0.2277, 
2025-04-03 21:10:34,902 INFO Epoch 38, Batch 10, lr = 0.00005, video_event_loss = 1.6100, BCELoss = 0.1074, ExpLogLoss = 1.5026, video_precision = 0.7354, video_recall = 0.3480, alpha = 0.2280, 
2025-04-03 21:10:35,507 INFO Epoch 38, Batch 20, lr = 0.00005, video_event_loss = 1.5728, BCELoss = 0.1058, ExpLogLoss = 1.4671, video_precision = 0.7242, video_recall = 0.3755, alpha = 0.2283, 
2025-04-03 21:10:35,843 INFO **********************************************		 Train results (accuracy and recall): 0.7246	0.3598.
2025-04-03 21:10:35,869 INFO epoch: *******************************************38
2025-04-03 21:10:36,420 INFO **********************************************		 Evaluation results (accuracy and recall F1-score): 0.5684	0.2838	0.3786.
**********************************************		 Best results (accuracy and recall F1-score): 0.5799	0.2983	0.3939.
2025-04-03 21:10:36,420 INFO -----------------------------
2025-04-03 21:10:36,420 INFO evaluate loss:2.442163779987073
2025-04-03 21:10:36,420 INFO -----------------------------
2025-04-03 21:10:37,109 INFO Epoch 39, Batch 0, lr = 0.00005, video_event_loss = 1.6245, BCELoss = 0.1096, ExpLogLoss = 1.5148, video_precision = 0.7249, video_recall = 0.3327, alpha = 0.2286, 
2025-04-03 21:10:37,724 INFO Epoch 39, Batch 10, lr = 0.00005, video_event_loss = 1.5401, BCELoss = 0.1046, ExpLogLoss = 1.4355, video_precision = 0.7403, video_recall = 0.3840, alpha = 0.2289, 
2025-04-03 21:10:38,332 INFO Epoch 39, Batch 20, lr = 0.00005, video_event_loss = 1.5733, BCELoss = 0.1061, ExpLogLoss = 1.4672, video_precision = 0.7311, video_recall = 0.3680, alpha = 0.2293, 
2025-04-03 21:10:38,656 INFO **********************************************		 Train results (accuracy and recall): 0.7272	0.3667.
2025-04-03 21:10:38,682 INFO epoch: *******************************************39
2025-04-03 21:10:39,214 INFO **********************************************		 Evaluation results (accuracy and recall F1-score): 0.5659	0.2846	0.3787.
**********************************************		 Best results (accuracy and recall F1-score): 0.5799	0.2983	0.3939.
2025-04-03 21:10:39,215 INFO -----------------------------
2025-04-03 21:10:39,215 INFO evaluate loss:2.443148290773204
2025-04-03 21:10:39,215 INFO -----------------------------
2025-04-03 21:10:39,915 INFO Epoch 40, Batch 0, lr = 0.00005, video_event_loss = 1.6059, BCELoss = 0.1077, ExpLogLoss = 1.4982, video_precision = 0.6946, video_recall = 0.3463, alpha = 0.2296, 
2025-04-03 21:10:40,547 INFO Epoch 40, Batch 10, lr = 0.00005, video_event_loss = 1.5516, BCELoss = 0.1059, ExpLogLoss = 1.4456, video_precision = 0.7194, video_recall = 0.3755, alpha = 0.2298, 
2025-04-03 21:10:41,148 INFO Epoch 40, Batch 20, lr = 0.00005, video_event_loss = 1.6296, BCELoss = 0.1080, ExpLogLoss = 1.5217, video_precision = 0.7158, video_recall = 0.3748, alpha = 0.2302, 
2025-04-03 21:10:41,467 INFO **********************************************		 Train results (accuracy and recall): 0.7229	0.3627.
2025-04-03 21:10:41,493 INFO epoch: *******************************************40
2025-04-03 21:10:42,044 INFO **********************************************		 Evaluation results (accuracy and recall F1-score): 0.5728	0.2936	0.3882.
**********************************************		 Best results (accuracy and recall F1-score): 0.5799	0.2983	0.3939.
2025-04-03 21:10:42,044 INFO -----------------------------
2025-04-03 21:10:42,044 INFO evaluate loss:2.4414656315426133
2025-04-03 21:10:42,044 INFO -----------------------------
2025-04-03 21:10:42,728 INFO Epoch 41, Batch 0, lr = 0.00005, video_event_loss = 1.5438, BCELoss = 0.1061, ExpLogLoss = 1.4377, video_precision = 0.7211, video_recall = 0.3225, alpha = 0.2305, 
2025-04-03 21:10:43,344 INFO Epoch 41, Batch 10, lr = 0.00005, video_event_loss = 1.5809, BCELoss = 0.1061, ExpLogLoss = 1.4748, video_precision = 0.7170, video_recall = 0.3701, alpha = 0.2308, 
2025-04-03 21:10:43,945 INFO Epoch 41, Batch 20, lr = 0.00005, video_event_loss = 1.5470, BCELoss = 0.1055, ExpLogLoss = 1.4415, video_precision = 0.7330, video_recall = 0.3735, alpha = 0.2311, 
2025-04-03 21:10:44,283 INFO **********************************************		 Train results (accuracy and recall): 0.7196	0.3651.
2025-04-03 21:10:44,308 INFO epoch: *******************************************41
2025-04-03 21:10:44,835 INFO **********************************************		 Evaluation results (accuracy and recall F1-score): 0.5718	0.2889	0.3839.
**********************************************		 Best results (accuracy and recall F1-score): 0.5799	0.2983	0.3939.
2025-04-03 21:10:44,836 INFO -----------------------------
2025-04-03 21:10:44,836 INFO evaluate loss:2.436013107130124
2025-04-03 21:10:44,836 INFO -----------------------------
2025-04-03 21:10:45,520 INFO Epoch 42, Batch 0, lr = 0.00005, video_event_loss = 1.6403, BCELoss = 0.1098, ExpLogLoss = 1.5304, video_precision = 0.7227, video_recall = 0.3373, alpha = 0.2314, 
2025-04-03 21:10:46,136 INFO Epoch 42, Batch 10, lr = 0.00005, video_event_loss = 1.5325, BCELoss = 0.1046, ExpLogLoss = 1.4279, video_precision = 0.7096, video_recall = 0.3601, alpha = 0.2317, 
2025-04-03 21:10:46,737 INFO Epoch 42, Batch 20, lr = 0.00005, video_event_loss = 1.6553, BCELoss = 0.1103, ExpLogLoss = 1.5449, video_precision = 0.7275, video_recall = 0.3465, alpha = 0.2321, 
2025-04-03 21:10:47,062 INFO **********************************************		 Train results (accuracy and recall): 0.7223	0.3566.
2025-04-03 21:10:47,087 INFO epoch: *******************************************42
2025-04-03 21:10:47,580 INFO **********************************************		 Evaluation results (accuracy and recall F1-score): 0.5710	0.2875	0.3824.
**********************************************		 Best results (accuracy and recall F1-score): 0.5799	0.2983	0.3939.
2025-04-03 21:10:47,580 INFO -----------------------------
2025-04-03 21:10:47,581 INFO evaluate loss:2.4324172492003666
2025-04-03 21:10:47,581 INFO -----------------------------
2025-04-03 21:10:48,266 INFO Epoch 43, Batch 0, lr = 0.00005, video_event_loss = 1.4934, BCELoss = 0.1030, ExpLogLoss = 1.3904, video_precision = 0.7227, video_recall = 0.3624, alpha = 0.2324, 
2025-04-03 21:10:48,881 INFO Epoch 43, Batch 10, lr = 0.00005, video_event_loss = 1.5327, BCELoss = 0.1046, ExpLogLoss = 1.4282, video_precision = 0.7209, video_recall = 0.3684, alpha = 0.2327, 
2025-04-03 21:10:49,491 INFO Epoch 43, Batch 20, lr = 0.00005, video_event_loss = 1.6171, BCELoss = 0.1094, ExpLogLoss = 1.5077, video_precision = 0.7211, video_recall = 0.3545, alpha = 0.2330, 
2025-04-03 21:10:49,815 INFO **********************************************		 Train results (accuracy and recall): 0.7240	0.3582.
2025-04-03 21:10:49,841 INFO epoch: *******************************************43
2025-04-03 21:10:50,292 INFO **********************************************		 Evaluation results (accuracy and recall F1-score): 0.5685	0.2838	0.3786.
**********************************************		 Best results (accuracy and recall F1-score): 0.5799	0.2983	0.3939.
2025-04-03 21:10:50,293 INFO -----------------------------
2025-04-03 21:10:50,293 INFO evaluate loss:2.432978607854015
2025-04-03 21:10:50,293 INFO -----------------------------
2025-04-03 21:10:50,981 INFO Epoch 44, Batch 0, lr = 0.00005, video_event_loss = 1.5938, BCELoss = 0.1071, ExpLogLoss = 1.4867, video_precision = 0.7460, video_recall = 0.3479, alpha = 0.2333, 
2025-04-03 21:10:51,598 INFO Epoch 44, Batch 10, lr = 0.00005, video_event_loss = 1.5130, BCELoss = 0.1047, ExpLogLoss = 1.4084, video_precision = 0.7240, video_recall = 0.3705, alpha = 0.2336, 
2025-04-03 21:10:52,205 INFO Epoch 44, Batch 20, lr = 0.00005, video_event_loss = 1.5814, BCELoss = 0.1061, ExpLogLoss = 1.4753, video_precision = 0.7368, video_recall = 0.3689, alpha = 0.2340, 
2025-04-03 21:10:52,539 INFO **********************************************		 Train results (accuracy and recall): 0.7240	0.3583.
2025-04-03 21:10:52,565 INFO epoch: *******************************************44
2025-04-03 21:10:53,068 INFO **********************************************		 Evaluation results (accuracy and recall F1-score): 0.5680	0.2836	0.3783.
**********************************************		 Best results (accuracy and recall F1-score): 0.5799	0.2983	0.3939.
2025-04-03 21:10:53,069 INFO -----------------------------
2025-04-03 21:10:53,069 INFO evaluate loss:2.4359431010593453
2025-04-03 21:10:53,069 INFO -----------------------------
2025-04-03 21:10:53,733 INFO Epoch 45, Batch 0, lr = 0.00005, video_event_loss = 1.6929, BCELoss = 0.1125, ExpLogLoss = 1.5805, video_precision = 0.6924, video_recall = 0.3316, alpha = 0.2343, 
2025-04-03 21:10:54,360 INFO Epoch 45, Batch 10, lr = 0.00005, video_event_loss = 1.5458, BCELoss = 0.1049, ExpLogLoss = 1.4409, video_precision = 0.7147, video_recall = 0.3635, alpha = 0.2346, 
2025-04-03 21:10:54,951 INFO Epoch 45, Batch 20, lr = 0.00005, video_event_loss = 1.5461, BCELoss = 0.1060, ExpLogLoss = 1.4401, video_precision = 0.7515, video_recall = 0.3674, alpha = 0.2350, 
2025-04-03 21:10:55,284 INFO **********************************************		 Train results (accuracy and recall): 0.7242	0.3640.
2025-04-03 21:10:55,310 INFO epoch: *******************************************45
2025-04-03 21:10:55,856 INFO **********************************************		 Evaluation results (accuracy and recall F1-score): 0.5718	0.2889	0.3839.
**********************************************		 Best results (accuracy and recall F1-score): 0.5799	0.2983	0.3939.
2025-04-03 21:10:55,857 INFO -----------------------------
2025-04-03 21:10:55,857 INFO evaluate loss:2.42504851036456
2025-04-03 21:10:55,857 INFO -----------------------------
2025-04-03 21:10:56,527 INFO Epoch 46, Batch 0, lr = 0.00005, video_event_loss = 1.5904, BCELoss = 0.1076, ExpLogLoss = 1.4828, video_precision = 0.6887, video_recall = 0.3636, alpha = 0.2353, 
2025-04-03 21:10:57,148 INFO Epoch 46, Batch 10, lr = 0.00005, video_event_loss = 1.5393, BCELoss = 0.1053, ExpLogLoss = 1.4340, video_precision = 0.7131, video_recall = 0.3759, alpha = 0.2355, 
2025-04-03 21:10:57,752 INFO Epoch 46, Batch 20, lr = 0.00005, video_event_loss = 1.6368, BCELoss = 0.1095, ExpLogLoss = 1.5272, video_precision = 0.7485, video_recall = 0.3471, alpha = 0.2359, 
2025-04-03 21:10:58,088 INFO **********************************************		 Train results (accuracy and recall): 0.7299	0.3561.
2025-04-03 21:10:58,113 INFO epoch: *******************************************46
2025-04-03 21:10:58,677 INFO **********************************************		 Evaluation results (accuracy and recall F1-score): 0.5712	0.2879	0.3829.
**********************************************		 Best results (accuracy and recall F1-score): 0.5799	0.2983	0.3939.
2025-04-03 21:10:58,677 INFO -----------------------------
2025-04-03 21:10:58,677 INFO evaluate loss:2.4191183894129833
2025-04-03 21:10:58,678 INFO -----------------------------
2025-04-03 21:10:59,360 INFO Epoch 47, Batch 0, lr = 0.00005, video_event_loss = 1.5809, BCELoss = 0.1063, ExpLogLoss = 1.4747, video_precision = 0.7373, video_recall = 0.3371, alpha = 0.2362, 
2025-04-03 21:10:59,975 INFO Epoch 47, Batch 10, lr = 0.00005, video_event_loss = 1.6325, BCELoss = 0.1086, ExpLogLoss = 1.5239, video_precision = 0.7172, video_recall = 0.3345, alpha = 0.2365, 
2025-04-03 21:11:00,573 INFO Epoch 47, Batch 20, lr = 0.00005, video_event_loss = 1.5692, BCELoss = 0.1079, ExpLogLoss = 1.4614, video_precision = 0.7224, video_recall = 0.3430, alpha = 0.2369, 
2025-04-03 21:11:00,897 INFO **********************************************		 Train results (accuracy and recall): 0.7238	0.3587.
2025-04-03 21:11:00,923 INFO epoch: *******************************************47
2025-04-03 21:11:01,553 INFO **********************************************		 Evaluation results (accuracy and recall F1-score): 0.5616	0.2828	0.3762.
**********************************************		 Best results (accuracy and recall F1-score): 0.5799	0.2983	0.3939.
2025-04-03 21:11:01,553 INFO -----------------------------
2025-04-03 21:11:01,554 INFO evaluate loss:2.424107507979392
2025-04-03 21:11:01,554 INFO -----------------------------
2025-04-03 21:11:02,252 INFO Epoch 48, Batch 0, lr = 0.00005, video_event_loss = 1.4285, BCELoss = 0.1001, ExpLogLoss = 1.3284, video_precision = 0.7440, video_recall = 0.4291, alpha = 0.2372, 
2025-04-03 21:11:02,881 INFO Epoch 48, Batch 10, lr = 0.00005, video_event_loss = 1.6152, BCELoss = 0.1081, ExpLogLoss = 1.5071, video_precision = 0.7362, video_recall = 0.3556, alpha = 0.2375, 
2025-04-03 21:11:03,503 INFO Epoch 48, Batch 20, lr = 0.00005, video_event_loss = 1.5621, BCELoss = 0.1067, ExpLogLoss = 1.4554, video_precision = 0.7235, video_recall = 0.3730, alpha = 0.2378, 
2025-04-03 21:11:03,837 INFO **********************************************		 Train results (accuracy and recall): 0.7283	0.3663.
2025-04-03 21:11:03,863 INFO epoch: *******************************************48
2025-04-03 21:11:04,434 INFO **********************************************		 Evaluation results (accuracy and recall F1-score): 0.5689	0.2834	0.3784.
**********************************************		 Best results (accuracy and recall F1-score): 0.5799	0.2983	0.3939.
2025-04-03 21:11:04,435 INFO -----------------------------
2025-04-03 21:11:04,435 INFO evaluate loss:2.4197315668324784
2025-04-03 21:11:04,435 INFO -----------------------------
2025-04-03 21:11:05,151 INFO Epoch 49, Batch 0, lr = 0.00005, video_event_loss = 1.4363, BCELoss = 0.1020, ExpLogLoss = 1.3343, video_precision = 0.7254, video_recall = 0.3782, alpha = 0.2381, 
2025-04-03 21:11:05,781 INFO Epoch 49, Batch 10, lr = 0.00005, video_event_loss = 1.5507, BCELoss = 0.1053, ExpLogLoss = 1.4454, video_precision = 0.7122, video_recall = 0.3660, alpha = 0.2384, 
2025-04-03 21:11:06,388 INFO Epoch 49, Batch 20, lr = 0.00005, video_event_loss = 1.5732, BCELoss = 0.1067, ExpLogLoss = 1.4665, video_precision = 0.7390, video_recall = 0.3473, alpha = 0.2388, 
2025-04-03 21:11:06,711 INFO **********************************************		 Train results (accuracy and recall): 0.7244	0.3533.
2025-04-03 21:11:06,738 INFO epoch: *******************************************49
2025-04-03 21:11:07,286 INFO **********************************************		 Evaluation results (accuracy and recall F1-score): 0.5715	0.2881	0.3831.
**********************************************		 Best results (accuracy and recall F1-score): 0.5799	0.2983	0.3939.
2025-04-03 21:11:07,286 INFO -----------------------------
2025-04-03 21:11:07,286 INFO evaluate loss:2.4176878302203875
2025-04-03 21:11:07,286 INFO -----------------------------
